<?xml version="1.0" encoding="UTF-8"?>
<!-- Generated by org.testng.reporters.JUnitReportReporter -->
<testsuite hostname="LAPTOP-PLNO5R2G" failures="0" tests="14" name="ninja_runner.Ninja_Runner_TestNG" time="119.779" errors="0" timestamp="2023-06-13T10:50:40 PDT" skipped="0">
  <testcase classname="ninja_runner.Ninja_Runner_TestNG" name="runScenario" time="7.231"/>
  <system-out/>
  <testcase classname="ninja_runner.Ninja_Runner_TestNG" name="runScenario" time="6.134"/>
  <system-out/>
  <testcase classname="ninja_runner.Ninja_Runner_TestNG" name="runScenario" time="22.140"/>
  <system-out/>
  <testcase classname="ninja_runner.Ninja_Runner_TestNG" name="runScenario" time="5.685"/>
  <system-out/>
  <testcase classname="ninja_runner.Ninja_Runner_TestNG" name="runScenario" time="9.128"/>
  <system-out/>
  <testcase classname="ninja_runner.Ninja_Runner_TestNG" name="runScenario" time="10.995"/>
  <system-out/>
  <testcase classname="ninja_runner.Ninja_Runner_TestNG" name="runScenario" time="7.327"/>
  <system-out/>
  <testcase classname="ninja_runner.Ninja_Runner_TestNG" name="runScenario" time="5.128"/>
  <system-out/>
  <testcase classname="ninja_runner.Ninja_Runner_TestNG" name="runScenario" time="6.542"/>
  <system-out/>
  <testcase classname="ninja_runner.Ninja_Runner_TestNG" name="runScenario" time="6.701"/>
  <system-out/>
  <testcase classname="ninja_runner.Ninja_Runner_TestNG" name="runScenario" time="11.463"/>
  <system-out/>
  <testcase classname="ninja_runner.Ninja_Runner_TestNG" name="runScenario" time="7.606"/>
  <system-out/>
  <testcase classname="ninja_runner.Ninja_Runner_TestNG" name="runScenario" time="6.652"/>
  <system-out/>
  <testcase classname="ninja_runner.Ninja_Runner_TestNG" name="runScenario" time="7.047"/>
  <system-out/>
</testsuite> <!-- ninja_runner.Ninja_Runner_TestNG -->
